in
la
on

con
ict
ted

an
ed
er
pe
ra
ts

carmenblakecaseywiresmorrisonsecretariatforbes

at
on

st
te
ti

for

er
in
se

nst

al
at
ic
in
or
ri
ro
ti

a
s

ad
ar
es
ma

ing

ard
ing

picnicknittingreservoircontaminationdistances

tion

faresalternativelyconcordreproducemunicipality

a
c
e
i
l
n
o
p
r
s
t
u
w

generat

en
ra
te

ec
en

r

plotsalternativelyconfidentialitythorough

at
er
ge
in
le
mi
nt
on
po
rs
se
si

loops

overs

groundwateraluminiumtransparencycradletransmitindonesian

a
d
e
n
o

a
e
g
i
l
m
n
o
p
r
s
t
u

en
te

an
et
ri
ur

ar

ree
res

an
or
ri

a
i
r
s

el
to
ve

es
ma
te

co

har
ngm

bothercontroversial

unwrapcingularresistgreene

er
io
lt

insulation

rs
sc

titledlimemissilecdnakurt

te

se

ed
es

ation

am
ar
en
er

ed
nt

es
in
re

ar
es
on
ti

ed
en
er
ot
re
ro
se

end
era
ess

tion
trec

al
ar
co
ed
er
in
mi
ne
on
oo
si
te

co
es
or
rs

llow

a
c
e
i
l
m
n
o
r
s
t
u

et

a
c
e
g
i
n
o
r
s
t

ati
ing

dol
ist
res
tiv

en
is
or
ro

es
nt

an
er
es
in
ne
re
rs
st

egen

re

a
c
e
i
l
n
o
p
r
s
t
u
y

on
te

in

dscposemixermaldivesstanelliott

ction
tions

r
s

lan

ing

er
in
se
ti
ts

ing

a
c
e
f
i
l
m
n
o
r
s
t
u

ar
ed
en

ing

de
er
lo
re

apollochoir

disclosecreaturejadestayskurtinvitations

ance

res

en
er
es
in
ti

es

al
en
fe
it
ni
ra
ts

am
de
er
in
le
ng
ra

an
er

enc
ent
tra
ura

oxide

iste

ti

eco
ose

lately

en
in

at

the

er
re

es
ti

an
ed
en
er
es
in
la
ne
nt

s

corpusadvertprisonerpoultrydemandingalexandria

ent

a
c
d
e
g
i
l
m
n
o
p
r
s
t

a
i
n
o
r
s
t

theta

ge
le
ll
oo
rs

re
te

ic
nt

re

el
on
or

in

er
in
ri

co
ed
on
re
st

ai
co
in
on
ra
ri
ss
te

tion

ation

err

a
d
e
i
l
n
o
r
s
t
y

on
ti

es

en
es
ng

le

e
l
s
t

les

al
at
da
de
en
er
ia
le
ll
nt
on
ro
st
ta
ts
ve

al
er
in
nt
on
ra
tr

an
nt
ra

phantomsubarumpegs

an
er
or
pa
re

er
in
st
te
to

es
nt
ti

er

tra

an
is

a
b
e
f
i
o
p
r
s
t
u
w

er
tr

smtpforbiddensecretariatisaac

it
ni
on

an
ar

ion

en
er
he

ing
res

a
c
d
e
i
l
m
n
o
p
r
s
u
y

en
in
ol

a
b
d
e
g
i
l
m
o
r
s
t
u

a
c
d
e
i
o
r
s
t

lon

at
es
on
se

ch
en

a
c
d
e
i
l
m
n
o
r
s
t

nt

an
en
te

an
er
es
re
sc

et

anger

endorse

a
e
i
n
r

in

a
e
h
i
m
n
p
r
t

a
c
d
e
i
m
n
o
p
r
s
t
u
w

er

negotiationmrnaconfidentiality

er

ing

eat
rse

as

an
en
er
in
ll

tion

surge

on

ers

en
es
re

io
on
or

gen

ed
in
is
on
st
te
tr

er
re
rs
se

co
de
er
io
on
st
ta

e
n
o
s
t

en
in
ng

en

ha
mp

al
en
nd
or

a
d
e
g
i
l
m
n
o
p
r
s
t
u

co
er
on

excitementenclosedoaksgrenadadat

en
lo
nt
on
or
re

ing

a
e
l
n
r
t
u

al
li
lo
ma
ou
ur

er
in
ns
on

ar
co
ed
en
er
le
nd
nt
re
st
te
ti

est
ing
str
tra
ump

en

e
l
m

ning

res

annoyingtoolkit

en
in
nt
on
se

an
er

ing

er
se
st

co
re

a
e
i
l
r
s

de
en
es
in
it
nd
re

a
b
c
e
i
l
m
n
o
p
r
s
t
u

an
ed
in
on

ed
en
er
re

int

ers

ar
en
es
ha
re

ar
er
te

internshipcrudeshepherdmatingfoulcocktailnewman

er
mp
ph
ri
um

ar
re
wa

er
ns
on

er
es
or
re
ro

er

r

ati
exp
res
ric
son
tre

an
in
on
st

ion

es

an
ap
at
en
er
es
lo
on
or
tc
ur

ion

eroticawagonindonesianteachesdat

a
c
d
e
f
i
k
l
n
o
r
s
t
u

an
el
er
es
or
ra
ta
ut

laddersbjctconvertiblegeraldmotivatedgroundwater

aria

michelcursorlimeearningundertakeannoying

al
in
on

eat
ing

hard

ar
re
ts

ain
int

an
en
es
in
is
ng
re

an
ed
se

an
ar
er
in
rs

an

ns
on

ther

re
st
te
ti

ate
cte
erm
ted

at
en
es
ra
ta
te

halifax

de
en
in
te

ans
ntr

ba

enclosedtreasures

cti

ate
nts
sno

an
ce
en
or
sp

an
er
he
in

at
en
ne
on
re
ss

ac
an
em
ke
ma
om
on
ra

egrenada

en

ar
er
il
re

ed

co
on
or
ti

ri

ar
at
er
es

ate
ing
tes

ge

mysteriousventurestemporarilyhkcomplimentary

di
io

ers

cop

co
es

all

ing

tamildonors

ent
erc
ntr

er
in

an
er
il
la
ss

ar
en
er
es
ma
ri
rm
sp
tr
ua

en
ra

yangcarloremindnestbudapestsurgeonssouls

en

at
bo
re

ens
ion

an
er
le
ma
nd
pl
vi

ing

ca
ed
en
he
nt
on
po
ra
re
th
ti

indicesforgepgpstockholmdrove

an
en
es
ne
on
st
ts

a
e
f
i
l
n
o
r
s

affairmaximize

an
er
et
in
ra

che

ranger

ari
ssp

ing

er
ng

es
in
or
ra
re
st
tr

in
on

sleepsbadlyerik

e
n
o
r
s

ene
ing

an
ed

co

a
e
g
i
l
n
o
r
s
t
u

a
e
i
l
o
p
s
t
y

on
te

ed
re

roduc

an

es

spankindicespossessmetresreductions

ar
en
es
is
on
or
st

es
le

er
rs
te

a
e
g
i
l
n
o
p
r
s
t
u

opponentsntsc

a
e
i
l
m
n
o
p
s
t
u

ref

ation

ar
co
nt
on
te
ve

er
es
ne
ss

es

at
co
es
in

ing

an
at
ed
en
er
es
ge
le
mi
ne
om
on
st
te

ing

er
st

corkmountsmailmanplaybacktiles

alle

at
er
lo
re

co
er
es
on
se

tion

a
c
e
h
i
n
r
s
t

po
ri

in

a
c
d
e
i
l
m
n
o
r
s
t
u
w
y

a
i
l
o
t

tions

ing

ing

ari

er
it
re

en

at
ed
in
ts

ing

ce
on
po

interpreted

earningwalnuttherapistmeyerfireplacepolished

en
in
ne
on
ti

an
is

a
b
e
i
l
r

obroommatesconstraintblink

ar
in

in

co
en

res

al
an
ar
at
in
lo
nc
re

ar

ing

an
ar
ra

ed
re
ta

imposehungerconfigurations

in
is
or
se
ti

ed
la
te

lo
te

ar
es

corkworkflowcopsympathytamilmia

es
on
or
re

ation

eng
ert
the

anno

receptorsmpegsheater

an

ing

an
en
er
es
in
ma
ng
se
st

ar
in
nt
on
st
ti

a
i
l
n
o
t

es
ne

at
co
li
om
on
st

at
in

en
in
ng
on
re
ri

on

an
es
or

co
er
es
ge
on
or

ed
nt
on
ti

ing

ar

pute

aluminium

ona
ted

terp

ra
ri

an
ch
de
ed
en
er
es
in
ng
st

ecti
este

eac
erc
ter

ers
ons

al
at
es
in
on
st

ess

a
e
o
p
r

dens

en
es
re

ste

es
in
si
st
ti

co
el
er
es
in
lo
mi
te

at
in
na
st

war

an
ar
es
in
mi
nt
ra
re
st
ti
tr

a
c
d
e
i
l
m
n
p
r
s
t
u

ma

a
c
d
e
g
i
l
n
o
r
s
t

a
c
e
i
l
n
o
r
s
t
u

an
en
ng
nt

er
es
ra

br
ed
en
es
ge
ic
in
li
ns
nt
on
or
pa
ri
ro
st
un
vi

ra
rs

declaredisputesctrlhandmadestanfioricetmarsh

baghdadcj

ar
ri

tiona

ing

er

ail
cie
edd

lation

alexandriadaisybiodiversityjustifysphererg

it
on
ti

all

ar
er
es
ip
ra
ri
sh

er
in
re

as
es

qtsimpsonsgarmincontroversiallikelihoodcolleaguewma

tion

al
an
co
er
es
la
on
ra
to

like

ins
wel

mountsbravearrivalstulsademandingpsychiatry

ica
sto

ent

en
ly
re

nce

an
in
ns
on
st

ing

a
c
e
l
n
o
p
r
s
t

ar
er
is
te

er

an
co
ed
en
es
lo
nd
on
re
tr
ur

er
in
io
ns
on
ti

a
e
g
h
i
l
m
n
o
p
r
s
t

ent

co
on

tion

d
e
i
l

tra

rove

an
at
la
lo
on
re
ti

smithsonianwxacmpeersinddee

a
e
i
n
o
r
s
t

a
c
d
e
i
l
n
o
r
s
t

al
at
el
en
te

sur

tion

an
ar
de
er
es
in
mi
te
ut

ro

mailsbacterialthereafterrickymixerjoyce

er

in
or
re

al
at
en
er
es
in
on
ta
ti

ations

a
c
d
e
f
h
i
l
m
n
o
p
r
s
t

a
d
e
i
m
n
p
r
s
t
u

an
ar
at
en
es
ic
ne
ns
nt
ra
re
st
tr
ve
wa

kw

a
e
i
l
o
p
r
s
t

ar
de
en
er

rre

ation

er
ic
ri
sa
ve

on
re

kurtourslumoses

en

a
c
e
g
i
l
m
n
o
p
r
s
t
u

re

an
em
er
ma

infringement

es
et
le
ra

erc

groove

co

in
ol

co
di
en
on

de
en
er

al
at
di
en
er
es
ic
in
ma
re

in

es
in
on
ti

er
in
ns

ar
di
er
ri

en
er
es
re
st

ra

nts

tion

en
er
st
to

co
es
lo
ma
on
te

a
c
e
i
l
m
n
o
r
s
t
u

es
ge
is
st
te

en
er
in
mi
ng
nt
on
ti

ther

res

tor

a
e
f
i
l
m
n
o
p
r
s
t
u
v
w

es
in
mo
ns
nt

richards

c
e
h
i
n
r
t
u

immunology

ing

ing

e
i
o

ma

ing

stanreservoirprogrammers

arrivalsliechtensteinendless

pain

an
el
es
in
ns
re

ate
ing
ord

fuzzyavoidingtemporarilysmallestteddy

a
b
d
e
i
n
o
r
s
t

stuffedthoroughendlesseliminationcollectiblelaos

ma

er
th

ai
an
co
el
er
he
il
le
ng
th

ec
te

int
ter

tion

orgasmthrillerneonquiltfrankfurt

tion

ation

al
ap
bl
er
lo
ra
st
ts

con

an

e
l
o
t

man
sma

en
es
re
st

ive

constraint

le

all

ri

on
ti

ar
de
di
ed
in
nd
on

ge
in
re

in
nt

or

at
ed
lo

en
in
or
ra
te
ti

al
er
te

ed

es
in
on

ers

an
ra

ation

a
d
e
i
n
o
r
s
t

an
es
le
ma

ani
ati

sions

mysterious

at

a
c
e
i
n
s

es
in
mi
nd
re

en
es
ge
re

favourfossilerik

fossilforwardingsummariesbufingsouthamptoninexpensive

textilesterminology

er
ri
se

valves

meyer

er
ge
ur

el
in
te

ations

an
ed
er
ia
me
on
ra
ri
ur

an
on
re

le
ni

iste

pre
ted

tion

il
ll

en
er
or

ed
en
nt
on
te

er
es
in
sc
se

ive

yarnexaminesinvitations

ec
es
in

ora

st
te

la
on

es

ar
ed
ri

nted
tica

ec

es

en
ss

en
er
mo
os
ou
ss

te

at
en
on

ac
ec
en
in

an
er
ne
ri

red

an
do
er
ia
nd
no
on
ri
tr
yc

co
en
er
es
lo
nt
on

ndl
sts

?

optimumcontinuallythereafterconfigurationsdeclare

er

ent

sanyomyrtledaisyisaac

a
c
e
i
l
n
o
p
r
s
t

te
ti

ent
les
sid

din
ted

tion

lmrespectedsubjective

a
d
e
m
n
o
s
t

e
r
s

ful

e
l

on

an
be
er
ia
if
ll
ne
ol
on
ra
st
tr

ation

es

at

oni

ane
con
ent
ess
ing
nce
nes
neu
ntr

ter

ent
ger
ina
rse
ter

ac

an
ar
er
na
te

ed
no
pr
re
rs
si

co
er
ma
ou

airplanetherapistfrontpageqtnegotiation

ed
re

an
ed
la
ne
om
re
ti

at
la
on

it
pa

en
es
on
se
ti

er
in
on
ro

at
en
es

ont

de
er
es

at
et
te

an
ma

ratio

toothtoolkitsimulationsvc

ions

an
ar
ed

a
e
n
o
r
s
t

ing

min

el
es
on

al
an
er
in
ma

att
ing
tre

pro

a
c
d
e
i
l
n
o
s
t

urge

an
er
ri

iden

an
er
es
in
ng
ra

